c:\users\丈晃\documents\visual studio 2015\projects\plant_resizepicture\plant_resizepicture\x64\release\plant_resizepicture.pch
c:\users\丈晃\documents\visual studio 2015\projects\plant_resizepicture\plant_resizepicture\x64\release\vc140.pdb
c:\users\丈晃\documents\visual studio 2015\projects\plant_resizepicture\plant_resizepicture\x64\release\stdafx.obj
c:\users\丈晃\documents\visual studio 2015\projects\plant_resizepicture\plant_resizepicture\x64\release\plant_resizepicture.obj
c:\users\丈晃\documents\visual studio 2015\projects\plant_resizepicture\plant_resizepicture\x64\release\assemblyinfo.obj
c:\users\丈晃\documents\visual studio 2015\projects\plant_resizepicture\plant_resizepicture\x64\release\.netframework,version=v4.5.2.assemblyattributes.obj
c:\users\丈晃\documents\visual studio 2015\projects\plant_resizepicture\plant_resizepicture\x64\release\.netframework,version=v4.5.2.assemblyattributes.asm
c:\users\丈晃\documents\visual studio 2015\projects\plant_resizepicture\x64\release\plant_resizepicture.dll
c:\users\丈晃\documents\visual studio 2015\projects\plant_resizepicture\x64\release\plant_resizepicture.pdb
c:\users\丈晃\documents\visual studio 2015\projects\plant_resizepicture\plant_resizepicture\x64\release\app.res
c:\users\丈晃\documents\visual studio 2015\projects\plant_resizepicture\plant_resizepicture\x64\release\plant_resizepicture.vcxprojresolveassemblyreference.cache
c:\users\丈晃\documents\visual studio 2015\projects\plant_resizepicture\plant_resizepicture\x64\release\plant_re.4b2e5eef.tlog\cl.command.1.tlog
c:\users\丈晃\documents\visual studio 2015\projects\plant_resizepicture\plant_resizepicture\x64\release\plant_re.4b2e5eef.tlog\cl.read.1.tlog
c:\users\丈晃\documents\visual studio 2015\projects\plant_resizepicture\plant_resizepicture\x64\release\plant_re.4b2e5eef.tlog\cl.write.1.tlog
c:\users\丈晃\documents\visual studio 2015\projects\plant_resizepicture\plant_resizepicture\x64\release\plant_re.4b2e5eef.tlog\link.command.1.tlog
c:\users\丈晃\documents\visual studio 2015\projects\plant_resizepicture\plant_resizepicture\x64\release\plant_re.4b2e5eef.tlog\link.read.1.tlog
c:\users\丈晃\documents\visual studio 2015\projects\plant_resizepicture\plant_resizepicture\x64\release\plant_re.4b2e5eef.tlog\link.write.1.tlog
c:\users\丈晃\documents\visual studio 2015\projects\plant_resizepicture\plant_resizepicture\x64\release\plant_re.4b2e5eef.tlog\metagen.read.1.tlog
c:\users\丈晃\documents\visual studio 2015\projects\plant_resizepicture\plant_resizepicture\x64\release\plant_re.4b2e5eef.tlog\metagen.write.1.tlog
c:\users\丈晃\documents\visual studio 2015\projects\plant_resizepicture\plant_resizepicture\x64\release\plant_re.4b2e5eef.tlog\rc.command.1.tlog
c:\users\丈晃\documents\visual studio 2015\projects\plant_resizepicture\plant_resizepicture\x64\release\plant_re.4b2e5eef.tlog\rc.read.1.tlog
c:\users\丈晃\documents\visual studio 2015\projects\plant_resizepicture\plant_resizepicture\x64\release\plant_re.4b2e5eef.tlog\rc.write.1.tlog
c:\users\丈晃\documents\visual studio 2015\projects\plant_resizepicture\plant_resizepicture\x64\release\plant_re.4b2e5eef.tlog\tzres.dll.bi
