c:\users\丈晃\documents\visual studio 2015\projects\plant_gridpicture\plant_gridpicture\x64\release\plant_gridpicture.pch
c:\users\丈晃\documents\visual studio 2015\projects\plant_gridpicture\plant_gridpicture\x64\release\vc140.pdb
c:\users\丈晃\documents\visual studio 2015\projects\plant_gridpicture\plant_gridpicture\x64\release\stdafx.obj
c:\users\丈晃\documents\visual studio 2015\projects\plant_gridpicture\plant_gridpicture\x64\release\plant_gridpicture.obj
c:\users\丈晃\documents\visual studio 2015\projects\plant_gridpicture\plant_gridpicture\x64\release\assemblyinfo.obj
c:\users\丈晃\documents\visual studio 2015\projects\plant_gridpicture\plant_gridpicture\x64\release\.netframework,version=v4.5.2.assemblyattributes.obj
c:\users\丈晃\documents\visual studio 2015\projects\plant_gridpicture\plant_gridpicture\x64\release\.netframework,version=v4.5.2.assemblyattributes.asm
c:\users\丈晃\documents\visual studio 2015\projects\plant_gridpicture\x64\release\plant_gridpicture.dll
c:\users\丈晃\documents\visual studio 2015\projects\plant_gridpicture\x64\release\plant_gridpicture.pdb
c:\users\丈晃\documents\visual studio 2015\projects\plant_gridpicture\plant_gridpicture\x64\release\app.res
c:\users\丈晃\documents\visual studio 2015\projects\plant_gridpicture\plant_gridpicture\x64\release\plant_gridpicture.vcxprojresolveassemblyreference.cache
c:\users\丈晃\documents\visual studio 2015\projects\plant_gridpicture\plant_gridpicture\x64\release\plant_gr.9e4daa4f.tlog\cl.command.1.tlog
c:\users\丈晃\documents\visual studio 2015\projects\plant_gridpicture\plant_gridpicture\x64\release\plant_gr.9e4daa4f.tlog\cl.read.1.tlog
c:\users\丈晃\documents\visual studio 2015\projects\plant_gridpicture\plant_gridpicture\x64\release\plant_gr.9e4daa4f.tlog\cl.write.1.tlog
c:\users\丈晃\documents\visual studio 2015\projects\plant_gridpicture\plant_gridpicture\x64\release\plant_gr.9e4daa4f.tlog\link.command.1.tlog
c:\users\丈晃\documents\visual studio 2015\projects\plant_gridpicture\plant_gridpicture\x64\release\plant_gr.9e4daa4f.tlog\link.read.1.tlog
c:\users\丈晃\documents\visual studio 2015\projects\plant_gridpicture\plant_gridpicture\x64\release\plant_gr.9e4daa4f.tlog\link.write.1.tlog
c:\users\丈晃\documents\visual studio 2015\projects\plant_gridpicture\plant_gridpicture\x64\release\plant_gr.9e4daa4f.tlog\metagen.read.1.tlog
c:\users\丈晃\documents\visual studio 2015\projects\plant_gridpicture\plant_gridpicture\x64\release\plant_gr.9e4daa4f.tlog\metagen.write.1.tlog
c:\users\丈晃\documents\visual studio 2015\projects\plant_gridpicture\plant_gridpicture\x64\release\plant_gr.9e4daa4f.tlog\rc.command.1.tlog
c:\users\丈晃\documents\visual studio 2015\projects\plant_gridpicture\plant_gridpicture\x64\release\plant_gr.9e4daa4f.tlog\rc.read.1.tlog
c:\users\丈晃\documents\visual studio 2015\projects\plant_gridpicture\plant_gridpicture\x64\release\plant_gr.9e4daa4f.tlog\rc.write.1.tlog
c:\users\丈晃\documents\visual studio 2015\projects\plant_gridpicture\plant_gridpicture\x64\release\plant_gr.9e4daa4f.tlog\tzres.dll.bi
