  Stdafx.cpp
  AssemblyInfo.cpp
  plant_pixel.cpp
C:\OpenCV3.1\build\include\opencv2/core/mat.hpp(1965): warning C4819: ファイルは、現在のコード ページ (932) で表示できない文字を含んでいます。データの損失を防ぐために、ファイルを Unicode 形式で保存してください。
C:\OpenCV3.1\build\include\opencv2/core/persistence.hpp : warning C4819: ファイルは、現在のコード ページ (932) で表示できない文字を含んでいます。データの損失を防ぐために、ファイルを Unicode 形式で保存してください。
C:\OpenCV3.1\build\include\opencv2/core/utility.hpp : warning C4819: ファイルは、現在のコード ページ (932) で表示できない文字を含んでいます。データの損失を防ぐために、ファイルを Unicode 形式で保存してください。
C:\OpenCV3.1\build\include\opencv2/core/utility.hpp : warning C4819: ファイルは、現在のコード ページ (932) で表示できない文字を含んでいます。データの損失を防ぐために、ファイルを Unicode 形式で保存してください。
  コードを生成中...
c:\opencv3.1\build\include\opencv2\core\cvstd.hpp(599): warning C4793: cv::String::String': ネイティブ関数としてコンパイルされました:
  	マネージ コードでサポートされていない組み込み型が見つかりました
c:\opencv3.1\build\include\opencv2\core\mat.inl.hpp(392): warning C4793: cv::Mat::Mat': ネイティブ関数としてコンパイルされました:
  	マネージ コードでサポートされていない組み込み型が見つかりました
c:\opencv3.1\build\include\opencv2\core\mat.inl.hpp(681): warning C4793: cv::Mat::release': ネイティブ関数としてコンパイルされました:
  	マネージ コードでサポートされていない組み込み型が見つかりました
c:\opencv3.1\build\include\opencv2\core\mat.inl.hpp(1872): warning C4793: cv::SparseMat::addref': ネイティブ関数としてコンパイルされました:
  	マネージ コードでサポートされていない組み込み型が見つかりました
c:\opencv3.1\build\include\opencv2\core\mat.inl.hpp(3473): warning C4793: cv::UMat::addref': ネイティブ関数としてコンパイルされました:
  	マネージ コードでサポートされていない組み込み型が見つかりました
c:\opencv3.1\build\include\opencv2\core\ptr.inl.hpp(67): warning C4793: cv::detail::PtrOwner::incRef': ネイティブ関数としてコンパイルされました:
  	マネージ コードでサポートされていない組み込み型が見つかりました
c:\opencv3.1\build\include\opencv2\core\ptr.inl.hpp(72): warning C4793: cv::detail::PtrOwner::decRef': ネイティブ関数としてコンパイルされました:
  	マネージ コードでサポートされていない組み込み型が見つかりました
  .NETFramework,Version=v4.5.2.AssemblyAttributes.cpp
  plant_pixel.vcxproj -> C:\Users\丈晃\Documents\Visual Studio 2015\Projects\plant_pixel\x64\Release\plant_pixel.dll
  plant_pixel.vcxproj -> C:\Users\丈晃\Documents\Visual Studio 2015\Projects\plant_pixel\x64\Release\plant_pixel.pdb (Full PDB)
