c:\users\丈晃\documents\visual studio 2015\projects\plant_pixel\plant_pixel\x64\release\plant_pixel.pch
c:\users\丈晃\documents\visual studio 2015\projects\plant_pixel\plant_pixel\x64\release\vc140.pdb
c:\users\丈晃\documents\visual studio 2015\projects\plant_pixel\plant_pixel\x64\release\stdafx.obj
c:\users\丈晃\documents\visual studio 2015\projects\plant_pixel\plant_pixel\x64\release\plant_pixel.obj
c:\users\丈晃\documents\visual studio 2015\projects\plant_pixel\plant_pixel\x64\release\assemblyinfo.obj
c:\users\丈晃\documents\visual studio 2015\projects\plant_pixel\plant_pixel\x64\release\.netframework,version=v4.5.2.assemblyattributes.obj
c:\users\丈晃\documents\visual studio 2015\projects\plant_pixel\plant_pixel\x64\release\.netframework,version=v4.5.2.assemblyattributes.asm
c:\users\丈晃\documents\visual studio 2015\projects\plant_pixel\x64\release\plant_pixel.dll
c:\users\丈晃\documents\visual studio 2015\projects\plant_pixel\x64\release\plant_pixel.pdb
c:\users\丈晃\documents\visual studio 2015\projects\plant_pixel\plant_pixel\x64\release\app.res
c:\users\丈晃\documents\visual studio 2015\projects\plant_pixel\plant_pixel\x64\release\plant_pixel.vcxprojresolveassemblyreference.cache
c:\users\丈晃\documents\visual studio 2015\projects\plant_pixel\plant_pixel\x64\release\plant_pixel.tlog\cl.command.1.tlog
c:\users\丈晃\documents\visual studio 2015\projects\plant_pixel\plant_pixel\x64\release\plant_pixel.tlog\cl.read.1.tlog
c:\users\丈晃\documents\visual studio 2015\projects\plant_pixel\plant_pixel\x64\release\plant_pixel.tlog\cl.write.1.tlog
c:\users\丈晃\documents\visual studio 2015\projects\plant_pixel\plant_pixel\x64\release\plant_pixel.tlog\link.command.1.tlog
c:\users\丈晃\documents\visual studio 2015\projects\plant_pixel\plant_pixel\x64\release\plant_pixel.tlog\link.read.1.tlog
c:\users\丈晃\documents\visual studio 2015\projects\plant_pixel\plant_pixel\x64\release\plant_pixel.tlog\link.write.1.tlog
c:\users\丈晃\documents\visual studio 2015\projects\plant_pixel\plant_pixel\x64\release\plant_pixel.tlog\metagen.read.1.tlog
c:\users\丈晃\documents\visual studio 2015\projects\plant_pixel\plant_pixel\x64\release\plant_pixel.tlog\metagen.write.1.tlog
c:\users\丈晃\documents\visual studio 2015\projects\plant_pixel\plant_pixel\x64\release\plant_pixel.tlog\rc.command.1.tlog
c:\users\丈晃\documents\visual studio 2015\projects\plant_pixel\plant_pixel\x64\release\plant_pixel.tlog\rc.read.1.tlog
c:\users\丈晃\documents\visual studio 2015\projects\plant_pixel\plant_pixel\x64\release\plant_pixel.tlog\rc.write.1.tlog
c:\users\丈晃\documents\visual studio 2015\projects\plant_pixel\plant_pixel\x64\release\plant_pixel.tlog\tzres.dll.bi
